2021-11-29 00:12:51  INFO ContestServiceRunnable:58 - 201220195vs201220192-contest-0 begin!
2021-11-29 00:12:51  INFO ContestServiceRunnable:67 - 201220195vs201220192-contest-0 round 0 start
2021-11-29 00:12:59  INFO ContestServiceRunnable:353 - 201220195vs201220192-contest-0 round 0 end
2021-11-29 00:12:59  INFO ContestServiceRunnable:67 - 201220195vs201220192-contest-0 round 1 start
2021-11-29 00:13:05  INFO ContestServiceRunnable:353 - 201220195vs201220192-contest-0 round 1 end
2021-11-29 00:13:05  INFO ContestServiceRunnable:67 - 201220195vs201220192-contest-0 round 2 start
2021-11-29 00:13:08  INFO ContestServiceRunnable:353 - 201220195vs201220192-contest-0 round 2 end
2021-11-29 00:13:08  INFO ContestServiceRunnable:67 - 201220195vs201220192-contest-0 round 3 start
2021-11-29 00:13:13  INFO ContestServiceRunnable:353 - 201220195vs201220192-contest-0 round 3 end
2021-11-29 00:13:13  INFO ContestServiceRunnable:67 - 201220195vs201220192-contest-0 round 4 start
2021-11-29 00:13:19  INFO ContestServiceRunnable:353 - 201220195vs201220192-contest-0 round 4 end
2021-11-29 00:13:19  INFO ContestServiceRunnable:67 - 201220195vs201220192-contest-0 round 5 start
2021-11-29 00:13:22  INFO ContestServiceRunnable:353 - 201220195vs201220192-contest-0 round 5 end
2021-11-29 00:13:22  INFO ContestServiceRunnable:67 - 201220195vs201220192-contest-0 round 6 start
2021-11-29 00:13:25  INFO ContestServiceRunnable:353 - 201220195vs201220192-contest-0 round 6 end
2021-11-29 00:13:25  INFO ContestServiceRunnable:67 - 201220195vs201220192-contest-0 round 7 start
2021-11-29 00:13:30  INFO ContestServiceRunnable:353 - 201220195vs201220192-contest-0 round 7 end
2021-11-29 00:13:30  INFO ContestServiceRunnable:67 - 201220195vs201220192-contest-0 round 8 start
2021-11-29 00:13:32  INFO ContestServiceRunnable:353 - 201220195vs201220192-contest-0 round 8 end
2021-11-29 00:13:32  INFO ContestServiceRunnable:67 - 201220195vs201220192-contest-0 round 9 start
2021-11-29 00:13:34  INFO ContestServiceRunnable:353 - 201220195vs201220192-contest-0 round 9 end
2021-11-29 00:13:34  INFO ContestServiceRunnable:67 - 201220195vs201220192-contest-0 round 10 start
2021-11-29 00:13:35  INFO ContestServiceRunnable:353 - 201220195vs201220192-contest-0 round 10 end
2021-11-29 00:13:35  INFO ContestServiceRunnable:67 - 201220195vs201220192-contest-0 round 11 start
2021-11-29 00:13:36  INFO ContestServiceRunnable:353 - 201220195vs201220192-contest-0 round 11 end
2021-11-29 00:13:36  INFO ContestServiceRunnable:67 - 201220195vs201220192-contest-0 round 12 start
2021-11-29 00:13:38  INFO ContestServiceRunnable:353 - 201220195vs201220192-contest-0 round 12 end
2021-11-29 00:13:38  INFO ContestServiceRunnable:67 - 201220195vs201220192-contest-0 round 13 start
2021-11-29 00:13:40  INFO ContestServiceRunnable:353 - 201220195vs201220192-contest-0 round 13 end
2021-11-29 00:13:40  INFO ContestServiceRunnable:67 - 201220195vs201220192-contest-0 round 14 start
2021-11-29 00:13:43  INFO ContestServiceRunnable:353 - 201220195vs201220192-contest-0 round 14 end
2021-11-29 00:13:43  INFO ContestServiceRunnable:67 - 201220195vs201220192-contest-0 round 15 start
2021-11-29 00:13:45  INFO ContestServiceRunnable:353 - 201220195vs201220192-contest-0 round 15 end
2021-11-29 00:13:45  INFO ContestServiceRunnable:67 - 201220195vs201220192-contest-0 round 16 start
2021-11-29 00:13:48  INFO ContestServiceRunnable:353 - 201220195vs201220192-contest-0 round 16 end
2021-11-29 00:13:48  INFO ContestServiceRunnable:67 - 201220195vs201220192-contest-0 round 17 start
2021-11-29 00:13:51  INFO ContestServiceRunnable:353 - 201220195vs201220192-contest-0 round 17 end
2021-11-29 00:13:51  INFO ContestServiceRunnable:67 - 201220195vs201220192-contest-0 round 18 start
2021-11-29 00:13:53  INFO ContestServiceRunnable:353 - 201220195vs201220192-contest-0 round 18 end
2021-11-29 00:13:53  INFO ContestServiceRunnable:67 - 201220195vs201220192-contest-0 round 19 start
2021-11-29 00:13:55  INFO ContestServiceRunnable:353 - 201220195vs201220192-contest-0 round 19 end
2021-11-29 00:13:55  INFO ContestServiceRunnable:67 - 201220195vs201220192-contest-0 round 20 start
2021-11-29 00:13:57  INFO ContestServiceRunnable:353 - 201220195vs201220192-contest-0 round 20 end
2021-11-29 00:13:57  INFO ContestServiceRunnable:67 - 201220195vs201220192-contest-0 round 21 start
2021-11-29 00:13:59  INFO ContestServiceRunnable:353 - 201220195vs201220192-contest-0 round 21 end
2021-11-29 00:13:59  INFO ContestServiceRunnable:67 - 201220195vs201220192-contest-0 round 22 start
2021-11-29 00:14:00  INFO ContestServiceRunnable:353 - 201220195vs201220192-contest-0 round 22 end
2021-11-29 00:14:00  INFO ContestServiceRunnable:67 - 201220195vs201220192-contest-0 round 23 start
2021-11-29 00:14:04  INFO ContestServiceRunnable:353 - 201220195vs201220192-contest-0 round 23 end
2021-11-29 00:14:04  INFO ContestServiceRunnable:67 - 201220195vs201220192-contest-0 round 24 start
2021-11-29 00:14:06  INFO ContestServiceRunnable:353 - 201220195vs201220192-contest-0 round 24 end
2021-11-29 00:14:06  INFO ContestServiceRunnable:67 - 201220195vs201220192-contest-0 round 25 start
2021-11-29 00:14:10  INFO ContestServiceRunnable:353 - 201220195vs201220192-contest-0 round 25 end
2021-11-29 00:14:10  INFO ContestServiceRunnable:67 - 201220195vs201220192-contest-0 round 26 start
2021-11-29 00:14:13  INFO ContestServiceRunnable:353 - 201220195vs201220192-contest-0 round 26 end
2021-11-29 00:14:13  INFO ContestServiceRunnable:67 - 201220195vs201220192-contest-0 round 27 start
2021-11-29 00:14:15  INFO ContestServiceRunnable:353 - 201220195vs201220192-contest-0 round 27 end
2021-11-29 00:14:15  INFO ContestServiceRunnable:67 - 201220195vs201220192-contest-0 round 28 start
2021-11-29 00:14:16  INFO ContestServiceRunnable:353 - 201220195vs201220192-contest-0 round 28 end
2021-11-29 00:14:16  INFO ContestServiceRunnable:67 - 201220195vs201220192-contest-0 round 29 start
2021-11-29 00:14:18  INFO ContestServiceRunnable:353 - 201220195vs201220192-contest-0 round 29 end
2021-11-29 00:14:18  INFO ContestServiceRunnable:67 - 201220195vs201220192-contest-0 round 30 start
2021-11-29 00:14:18 ERROR ContestServiceRunnable:118 - java.net.SocketException: 你的主机中的软件中止了一个已建立的连接。
2021-11-29 00:14:18 ERROR ContestServiceRunnable:119 - 201220195vs201220192-contest-0 ROUND 30 Unkown Exception when synchronize black round!
2021-11-29 00:14:18 ERROR ContestServiceRunnable:351 - java.net.SocketException: 你的主机中的软件中止了一个已建立的连接。
2021-11-29 00:14:18  INFO ContestServiceRunnable:353 - 201220195vs201220192-contest-0 round 30 end
2021-11-29 00:14:18 ERROR ContestServiceRunnable:380 - java.net.SocketException: 你的主机中的软件中止了一个已建立的连接。
2021-11-29 00:14:18  INFO ContestServiceRunnable:383 - 201220195vs201220192-contest-0 game over
2021-11-29 00:14:18  INFO ContestServiceRunnable:390 - 201220195vs201220192-contest-0 result saved!
2021-11-29 00:14:18  INFO ContestServiceRunnable:395 - 201220195vs201220192-contest-0 record save completed!
2021-11-29 00:16:24  INFO ContestServiceRunnable:58 - 201220195vs201220192-contest-0 begin!
2021-11-29 00:16:24  INFO ContestServiceRunnable:67 - 201220195vs201220192-contest-0 round 0 start
2021-11-29 00:16:32  INFO ContestServiceRunnable:353 - 201220195vs201220192-contest-0 round 0 end
2021-11-29 00:16:32  INFO ContestServiceRunnable:67 - 201220195vs201220192-contest-0 round 1 start
2021-11-29 00:16:36  INFO ContestServiceRunnable:353 - 201220195vs201220192-contest-0 round 1 end
2021-11-29 00:16:36  INFO ContestServiceRunnable:67 - 201220195vs201220192-contest-0 round 2 start
2021-11-29 00:16:40  INFO ContestServiceRunnable:353 - 201220195vs201220192-contest-0 round 2 end
2021-11-29 00:16:40  INFO ContestServiceRunnable:67 - 201220195vs201220192-contest-0 round 3 start
2021-11-29 00:16:41  INFO ContestServiceRunnable:353 - 201220195vs201220192-contest-0 round 3 end
2021-11-29 00:16:41  INFO ContestServiceRunnable:67 - 201220195vs201220192-contest-0 round 4 start
2021-11-29 00:16:45  INFO ContestServiceRunnable:353 - 201220195vs201220192-contest-0 round 4 end
2021-11-29 00:16:45  INFO ContestServiceRunnable:67 - 201220195vs201220192-contest-0 round 5 start
2021-11-29 00:16:48  INFO ContestServiceRunnable:353 - 201220195vs201220192-contest-0 round 5 end
2021-11-29 00:16:48  INFO ContestServiceRunnable:383 - 201220195vs201220192-contest-0 game over
2021-11-29 00:16:48  INFO ContestServiceRunnable:390 - 201220195vs201220192-contest-0 result saved!
2021-11-29 00:16:48  INFO ContestServiceRunnable:395 - 201220195vs201220192-contest-0 record save completed!
2021-11-29 00:18:22  INFO ContestServiceRunnable:58 - 201220192vs201220195-contest-0 begin!
2021-11-29 00:18:22  INFO ContestServiceRunnable:67 - 201220192vs201220195-contest-0 round 0 start
2021-11-29 00:18:30  INFO ContestServiceRunnable:353 - 201220192vs201220195-contest-0 round 0 end
2021-11-29 00:18:30  INFO ContestServiceRunnable:67 - 201220192vs201220195-contest-0 round 1 start
2021-11-29 00:18:34  INFO ContestServiceRunnable:353 - 201220192vs201220195-contest-0 round 1 end
2021-11-29 00:18:34  INFO ContestServiceRunnable:67 - 201220192vs201220195-contest-0 round 2 start
2021-11-29 00:18:40  INFO ContestServiceRunnable:353 - 201220192vs201220195-contest-0 round 2 end
2021-11-29 00:18:40  INFO ContestServiceRunnable:67 - 201220192vs201220195-contest-0 round 3 start
2021-11-29 00:18:45  INFO ContestServiceRunnable:353 - 201220192vs201220195-contest-0 round 3 end
2021-11-29 00:18:45  INFO ContestServiceRunnable:67 - 201220192vs201220195-contest-0 round 4 start
2021-11-29 00:18:48  INFO ContestServiceRunnable:353 - 201220192vs201220195-contest-0 round 4 end
2021-11-29 00:18:48  INFO ContestServiceRunnable:67 - 201220192vs201220195-contest-0 round 5 start
2021-11-29 00:18:51  INFO ContestServiceRunnable:353 - 201220192vs201220195-contest-0 round 5 end
2021-11-29 00:18:51  INFO ContestServiceRunnable:67 - 201220192vs201220195-contest-0 round 6 start
2021-11-29 00:18:55  INFO ContestServiceRunnable:353 - 201220192vs201220195-contest-0 round 6 end
2021-11-29 00:18:55  INFO ContestServiceRunnable:67 - 201220192vs201220195-contest-0 round 7 start
2021-11-29 00:18:58  INFO ContestServiceRunnable:353 - 201220192vs201220195-contest-0 round 7 end
2021-11-29 00:18:58  INFO ContestServiceRunnable:67 - 201220192vs201220195-contest-0 round 8 start
2021-11-29 00:19:01  INFO ContestServiceRunnable:353 - 201220192vs201220195-contest-0 round 8 end
2021-11-29 00:19:01  INFO ContestServiceRunnable:67 - 201220192vs201220195-contest-0 round 9 start
2021-11-29 00:19:02  INFO ContestServiceRunnable:353 - 201220192vs201220195-contest-0 round 9 end
2021-11-29 00:19:02  INFO ContestServiceRunnable:67 - 201220192vs201220195-contest-0 round 10 start
2021-11-29 00:19:04  INFO ContestServiceRunnable:353 - 201220192vs201220195-contest-0 round 10 end
2021-11-29 00:19:04  INFO ContestServiceRunnable:67 - 201220192vs201220195-contest-0 round 11 start
2021-11-29 00:19:06  INFO ContestServiceRunnable:353 - 201220192vs201220195-contest-0 round 11 end
2021-11-29 00:19:06  INFO ContestServiceRunnable:67 - 201220192vs201220195-contest-0 round 12 start
2021-11-29 00:19:08  INFO ContestServiceRunnable:353 - 201220192vs201220195-contest-0 round 12 end
2021-11-29 00:19:08  INFO ContestServiceRunnable:67 - 201220192vs201220195-contest-0 round 13 start
2021-11-29 00:19:10  INFO ContestServiceRunnable:353 - 201220192vs201220195-contest-0 round 13 end
2021-11-29 00:19:10  INFO ContestServiceRunnable:67 - 201220192vs201220195-contest-0 round 14 start
2021-11-29 00:19:12  INFO ContestServiceRunnable:353 - 201220192vs201220195-contest-0 round 14 end
2021-11-29 00:19:12  INFO ContestServiceRunnable:67 - 201220192vs201220195-contest-0 round 15 start
2021-11-29 00:19:15  INFO ContestServiceRunnable:353 - 201220192vs201220195-contest-0 round 15 end
2021-11-29 00:19:15  INFO ContestServiceRunnable:67 - 201220192vs201220195-contest-0 round 16 start
2021-11-29 00:19:17  INFO ContestServiceRunnable:353 - 201220192vs201220195-contest-0 round 16 end
2021-11-29 00:19:17  INFO ContestServiceRunnable:67 - 201220192vs201220195-contest-0 round 17 start
2021-11-29 00:19:19  INFO ContestServiceRunnable:353 - 201220192vs201220195-contest-0 round 17 end
2021-11-29 00:19:19  INFO ContestServiceRunnable:67 - 201220192vs201220195-contest-0 round 18 start
2021-11-29 00:19:21  INFO ContestServiceRunnable:353 - 201220192vs201220195-contest-0 round 18 end
2021-11-29 00:19:21  INFO ContestServiceRunnable:67 - 201220192vs201220195-contest-0 round 19 start
2021-11-29 00:19:25  INFO ContestServiceRunnable:353 - 201220192vs201220195-contest-0 round 19 end
2021-11-29 00:19:25  INFO ContestServiceRunnable:67 - 201220192vs201220195-contest-0 round 20 start
2021-11-29 00:19:28  INFO ContestServiceRunnable:353 - 201220192vs201220195-contest-0 round 20 end
2021-11-29 00:19:28  INFO ContestServiceRunnable:67 - 201220192vs201220195-contest-0 round 21 start
2021-11-29 00:19:31  INFO ContestServiceRunnable:353 - 201220192vs201220195-contest-0 round 21 end
2021-11-29 00:19:31  INFO ContestServiceRunnable:67 - 201220192vs201220195-contest-0 round 22 start
2021-11-29 00:19:32  INFO ContestServiceRunnable:353 - 201220192vs201220195-contest-0 round 22 end
2021-11-29 00:19:32  INFO ContestServiceRunnable:67 - 201220192vs201220195-contest-0 round 23 start
2021-11-29 00:19:34  INFO ContestServiceRunnable:353 - 201220192vs201220195-contest-0 round 23 end
2021-11-29 00:19:34  INFO ContestServiceRunnable:67 - 201220192vs201220195-contest-0 round 24 start
2021-11-29 00:19:36  INFO ContestServiceRunnable:353 - 201220192vs201220195-contest-0 round 24 end
2021-11-29 00:19:36  INFO ContestServiceRunnable:67 - 201220192vs201220195-contest-0 round 25 start
2021-11-29 00:19:38  INFO ContestServiceRunnable:353 - 201220192vs201220195-contest-0 round 25 end
2021-11-29 00:19:38  INFO ContestServiceRunnable:67 - 201220192vs201220195-contest-0 round 26 start
2021-11-29 00:19:41  INFO ContestServiceRunnable:353 - 201220192vs201220195-contest-0 round 26 end
2021-11-29 00:19:41  INFO ContestServiceRunnable:67 - 201220192vs201220195-contest-0 round 27 start
2021-11-29 00:19:43  INFO ContestServiceRunnable:353 - 201220192vs201220195-contest-0 round 27 end
2021-11-29 00:19:43  INFO ContestServiceRunnable:67 - 201220192vs201220195-contest-0 round 28 start
2021-11-29 00:19:44  INFO ContestServiceRunnable:353 - 201220192vs201220195-contest-0 round 28 end
2021-11-29 00:19:44  INFO ContestServiceRunnable:67 - 201220192vs201220195-contest-0 round 29 start
2021-11-29 00:19:47  INFO ContestServiceRunnable:353 - 201220192vs201220195-contest-0 round 29 end
2021-11-29 00:19:47  INFO ContestServiceRunnable:67 - 201220192vs201220195-contest-0 round 30 start
2021-11-29 00:19:49  INFO ContestServiceRunnable:353 - 201220192vs201220195-contest-0 round 30 end
2021-11-29 00:19:49  INFO ContestServiceRunnable:67 - 201220192vs201220195-contest-0 round 31 start
2021-11-29 00:19:51  INFO ContestServiceRunnable:353 - 201220192vs201220195-contest-0 round 31 end
2021-11-29 00:19:51  INFO ContestServiceRunnable:67 - 201220192vs201220195-contest-0 round 32 start
2021-11-29 00:19:53  INFO ContestServiceRunnable:353 - 201220192vs201220195-contest-0 round 32 end
2021-11-29 00:19:53  INFO ContestServiceRunnable:67 - 201220192vs201220195-contest-0 round 33 start
2021-11-29 00:19:54  INFO ContestServiceRunnable:353 - 201220192vs201220195-contest-0 round 33 end
2021-11-29 00:19:54  INFO ContestServiceRunnable:67 - 201220192vs201220195-contest-0 round 34 start
2021-11-29 00:19:56  INFO ContestServiceRunnable:353 - 201220192vs201220195-contest-0 round 34 end
2021-11-29 00:19:56  INFO ContestServiceRunnable:67 - 201220192vs201220195-contest-0 round 35 start
2021-11-29 00:19:57  INFO ContestServiceRunnable:353 - 201220192vs201220195-contest-0 round 35 end
2021-11-29 00:19:57  INFO ContestServiceRunnable:67 - 201220192vs201220195-contest-0 round 36 start
2021-11-29 00:19:59  INFO ContestServiceRunnable:353 - 201220192vs201220195-contest-0 round 36 end
2021-11-29 00:19:59  INFO ContestServiceRunnable:67 - 201220192vs201220195-contest-0 round 37 start
2021-11-29 00:20:01  INFO ContestServiceRunnable:353 - 201220192vs201220195-contest-0 round 37 end
2021-11-29 00:20:01  INFO ContestServiceRunnable:67 - 201220192vs201220195-contest-0 round 38 start
2021-11-29 00:20:04  INFO ContestServiceRunnable:353 - 201220192vs201220195-contest-0 round 38 end
2021-11-29 00:20:04  INFO ContestServiceRunnable:67 - 201220192vs201220195-contest-0 round 39 start
2021-11-29 00:20:06  INFO ContestServiceRunnable:353 - 201220192vs201220195-contest-0 round 39 end
2021-11-29 00:20:06  INFO ContestServiceRunnable:67 - 201220192vs201220195-contest-0 round 40 start
2021-11-29 00:20:09  INFO ContestServiceRunnable:353 - 201220192vs201220195-contest-0 round 40 end
2021-11-29 00:20:09  INFO ContestServiceRunnable:67 - 201220192vs201220195-contest-0 round 41 start
2021-11-29 00:20:12  INFO ContestServiceRunnable:353 - 201220192vs201220195-contest-0 round 41 end
2021-11-29 00:20:12  INFO ContestServiceRunnable:67 - 201220192vs201220195-contest-0 round 42 start
2021-11-29 00:20:16  INFO ContestServiceRunnable:353 - 201220192vs201220195-contest-0 round 42 end
2021-11-29 00:20:16  INFO ContestServiceRunnable:67 - 201220192vs201220195-contest-0 round 43 start
2021-11-29 00:20:19  INFO ContestServiceRunnable:353 - 201220192vs201220195-contest-0 round 43 end
2021-11-29 00:20:19  INFO ContestServiceRunnable:67 - 201220192vs201220195-contest-0 round 44 start
2021-11-29 00:20:22  INFO ContestServiceRunnable:353 - 201220192vs201220195-contest-0 round 44 end
2021-11-29 00:20:22  INFO ContestServiceRunnable:67 - 201220192vs201220195-contest-0 round 45 start
2021-11-29 00:20:24  INFO ContestServiceRunnable:353 - 201220192vs201220195-contest-0 round 45 end
2021-11-29 00:20:24  INFO ContestServiceRunnable:67 - 201220192vs201220195-contest-0 round 46 start
2021-11-29 00:20:27  INFO ContestServiceRunnable:353 - 201220192vs201220195-contest-0 round 46 end
2021-11-29 00:20:27  INFO ContestServiceRunnable:67 - 201220192vs201220195-contest-0 round 47 start
2021-11-29 00:20:30  INFO ContestServiceRunnable:353 - 201220192vs201220195-contest-0 round 47 end
2021-11-29 00:20:30  INFO ContestServiceRunnable:67 - 201220192vs201220195-contest-0 round 48 start
2021-11-29 00:20:33  INFO ContestServiceRunnable:353 - 201220192vs201220195-contest-0 round 48 end
2021-11-29 00:20:33  INFO ContestServiceRunnable:67 - 201220192vs201220195-contest-0 round 49 start
2021-11-29 00:20:35  INFO ContestServiceRunnable:353 - 201220192vs201220195-contest-0 round 49 end
2021-11-29 00:20:35  INFO ContestServiceRunnable:383 - 201220192vs201220195-contest-0 game over
2021-11-29 00:20:35  INFO ContestServiceRunnable:390 - 201220192vs201220195-contest-0 result saved!
2021-11-29 00:20:35  INFO ContestServiceRunnable:395 - 201220192vs201220195-contest-0 record save completed!
